Release 14.7 - xst P.20131013 (nt64)
Copyright (c) 1995-2013 Xilinx, Inc.  All rights reserved.
--> Parameter TMPDIR set to xst/projnav.tmp


Total REAL time to Xst completion: 1.00 secs
Total CPU time to Xst completion: 1.75 secs
 
--> Parameter xsthdpdir set to xst


Total REAL time to Xst completion: 1.00 secs
Total CPU time to Xst completion: 1.75 secs
 
--> Reading design: GroupControl.prj

TABLE OF CONTENTS
  1) Synthesis Options Summary
  2) HDL Parsing
  3) HDL Elaboration
  4) HDL Synthesis
       4.1) HDL Synthesis Report
  5) Advanced HDL Synthesis
       5.1) Advanced HDL Synthesis Report
  6) Low Level Synthesis
  7) Partition Report
  8) Design Summary
       8.1) Primitive and Black Box Usage
       8.2) Device utilization summary
       8.3) Partition Resource Summary
       8.4) Timing Report
            8.4.1) Clock Information
            8.4.2) Asynchronous Control Signals Information
            8.4.3) Timing Summary
            8.4.4) Timing Details
            8.4.5) Cross Clock Domains Report


=========================================================================
*                      Synthesis Options Summary                        *
=========================================================================
---- Source Parameters
Input File Name                    : "GroupControl.prj"
Ignore Synthesis Constraint File   : NO

---- Target Parameters
Output File Name                   : "GroupControl"
Output Format                      : NGC
Target Device                      : xc6slx45t-3-fgg484

---- Source Options
Top Module Name                    : GroupControl
Automatic FSM Extraction           : YES
FSM Encoding Algorithm             : Auto
Safe Implementation                : No
FSM Style                          : LUT
RAM Extraction                     : Yes
RAM Style                          : Auto
ROM Extraction                     : Yes
Shift Register Extraction          : YES
ROM Style                          : Auto
Resource Sharing                   : YES
Asynchronous To Synchronous        : NO
Shift Register Minimum Size        : 2
Use DSP Block                      : Auto
Automatic Register Balancing       : No

---- Target Options
LUT Combining                      : Auto
Reduce Control Sets                : Auto
Add IO Buffers                     : YES
Global Maximum Fanout              : 100000
Add Generic Clock Buffer(BUFG)     : 16
Register Duplication               : YES
Optimize Instantiated Primitives   : NO
Use Clock Enable                   : Auto
Use Synchronous Set                : Auto
Use Synchronous Reset              : Auto
Pack IO Registers into IOBs        : Auto
Equivalent register Removal        : YES

---- General Options
Optimization Goal                  : Speed
Optimization Effort                : 1
Power Reduction                    : NO
Keep Hierarchy                     : No
Netlist Hierarchy                  : As_Optimized
RTL Output                         : Yes
Global Optimization                : AllClockNets
Read Cores                         : YES
Write Timing Constraints           : NO
Cross Clock Analysis               : NO
Hierarchy Separator                : /
Bus Delimiter                      : <>
Case Specifier                     : Maintain
Slice Utilization Ratio            : 100
BRAM Utilization Ratio             : 100
DSP48 Utilization Ratio            : 100
Auto BRAM Packing                  : NO
Slice Utilization Ratio Delta      : 5

=========================================================================


=========================================================================
*                          HDL Parsing                                  *
=========================================================================
Analyzing Verilog file "C:\Xilinx\Projects\PPI8255A\GroupControl.v" into library work
Parsing module <GroupControl>.

=========================================================================
*                            HDL Elaboration                            *
=========================================================================

Elaborating module <GroupControl>.
WARNING:HDLCompiler:91 - "C:\Xilinx\Projects\PPI8255A\GroupControl.v" Line 32: Signal <Bus_Mode> missing in the sensitivity list is added for synthesis purposes. HDL and post-synthesis simulations may differ as a result.
WARNING:HDLCompiler:91 - "C:\Xilinx\Projects\PPI8255A\GroupControl.v" Line 36: Signal <Bus_Mode> missing in the sensitivity list is added for synthesis purposes. HDL and post-synthesis simulations may differ as a result.
WARNING:HDLCompiler:91 - "C:\Xilinx\Projects\PPI8255A\GroupControl.v" Line 38: Signal <Bus_IO> missing in the sensitivity list is added for synthesis purposes. HDL and post-synthesis simulations may differ as a result.
WARNING:HDLCompiler:91 - "C:\Xilinx\Projects\PPI8255A\GroupControl.v" Line 39: Signal <Bus_IO> missing in the sensitivity list is added for synthesis purposes. HDL and post-synthesis simulations may differ as a result.

=========================================================================
*                           HDL Synthesis                               *
=========================================================================

Synthesizing Unit <GroupControl>.
    Related source file is "C:\Xilinx\Projects\PPI8255A\GroupControl.v".
WARNING:Xst:647 - Input <Enable> is never used. This port will be preserved and left unconnected if it belongs to a top-level block or it belongs to a sub-block and the hierarchy of this sub-block is preserved.
WARNING:Xst:737 - Found 1-bit latch for signal <BigPort>. Latches may be generated from incomplete case or if statements. We do not recommend the use of latches in FPGA/CPLD designs, as they may lead to timing problems.
WARNING:Xst:737 - Found 1-bit latch for signal <SmallPort_IO>. Latches may be generated from incomplete case or if statements. We do not recommend the use of latches in FPGA/CPLD designs, as they may lead to timing problems.
    Summary:
	inferred   2 Latch(s).
Unit <GroupControl> synthesized.

=========================================================================
HDL Synthesis Report

Macro Statistics
# Latches                                              : 2
 1-bit latch                                           : 2

=========================================================================

=========================================================================
*                       Advanced HDL Synthesis                          *
=========================================================================


=========================================================================
Advanced HDL Synthesis Report

Found no macro
=========================================================================

=========================================================================
*                         Low Level Synthesis                           *
=========================================================================

Optimizing unit <GroupControl> ...

Mapping all equations...
Building and optimizing final netlist ...
Found area constraint ratio of 100 (+ 5) on block GroupControl, actual ratio is 0.

Final Macro Processing ...

=========================================================================
Final Register Report

Found no macro
=========================================================================

=========================================================================
*                           Partition Report                            *
=========================================================================

Partition Implementation Status
-------------------------------

  No Partitions were found in this design.

-------------------------------

=========================================================================
*                            Design Summary                             *
=========================================================================

Top Level Output File Name         : GroupControl.ngc

Primitive and Black Box Usage:
------------------------------
# BELS                             : 3
#      INV                         : 2
#      VCC                         : 1
# FlipFlops/Latches                : 2
#      LD                          : 2
# Clock Buffers                    : 1
#      BUFGP                       : 1
# IO Buffers                       : 5
#      IBUF                        : 2
#      OBUF                        : 3

Device utilization summary:
---------------------------

Selected Device : 6slx45tfgg484-3 


Slice Logic Utilization: 
 Number of Slice LUTs:                    2  out of  27288     0%  
    Number used as Logic:                 2  out of  27288     0%  

Slice Logic Distribution: 
 Number of LUT Flip Flop pairs used:      2
   Number with an unused Flip Flop:       2  out of      2   100%  
   Number with an unused LUT:             0  out of      2     0%  
   Number of fully used LUT-FF pairs:     0  out of      2     0%  
   Number of unique control sets:         1

IO Utilization: 
 Number of IOs:                           7
 Number of bonded IOBs:                   6  out of    296     2%  
    IOB Flip Flops/Latches:               2

Specific Feature Utilization:
 Number of BUFG/BUFGCTRLs:                1  out of     16     6%  

---------------------------
Partition Resource Summary:
---------------------------

  No Partitions were found in this design.

---------------------------


=========================================================================
Timing Report

NOTE: THESE TIMING NUMBERS ARE ONLY A SYNTHESIS ESTIMATE.
      FOR ACCURATE TIMING INFORMATION PLEASE REFER TO THE TRACE REPORT
      GENERATED AFTER PLACE-and-ROUTE.

Clock Information:
------------------
-----------------------------------+------------------------+-------+
Clock Signal                       | Clock buffer(FF name)  | Load  |
-----------------------------------+------------------------+-------+
Bus_Mode                           | BUFGP                  | 2     |
-----------------------------------+------------------------+-------+

Asynchronous Control Signals Information:
----------------------------------------
No asynchronous control signals found in this design

Timing Summary:
---------------
Speed Grade: -3

   Minimum period: No path found
   Minimum input arrival time before clock: 2.623ns
   Maximum output required time after clock: 3.648ns
   Maximum combinational path delay: No path found

Timing Details:
---------------
All values displayed in nanoseconds (ns)

=========================================================================
Timing constraint: Default OFFSET IN BEFORE for Clock 'Bus_Mode'
  Total number of paths / destination ports: 2 / 2
-------------------------------------------------------------------------
Offset:              2.623ns (Levels of Logic = 2)
  Source:            Bus_IO<1> (PAD)
  Destination:       BigPort (LATCH)
  Destination Clock: Bus_Mode falling

  Data Path: Bus_IO<1> to BigPort
                                Gate     Net
    Cell:in->out      fanout   Delay   Delay  Logical Name (Net Name)
    ----------------------------------------  ------------
     IBUF:I->O             1   1.222   0.579  Bus_IO_1_IBUF (Bus_IO_1_IBUF)
     INV:I->O              1   0.206   0.579  Bus_IO[1]_INV_2_o1_INV_0 (Bus_IO[1]_INV_2_o)
     LD:D                      0.037          BigPort
    ----------------------------------------
    Total                      2.623ns (1.465ns logic, 1.158ns route)
                                       (55.9% logic, 44.1% route)

=========================================================================
Timing constraint: Default OFFSET OUT AFTER for Clock 'Bus_Mode'
  Total number of paths / destination ports: 2 / 2
-------------------------------------------------------------------------
Offset:              3.648ns (Levels of Logic = 1)
  Source:            BigPort (LATCH)
  Destination:       BigPort (PAD)
  Source Clock:      Bus_Mode falling

  Data Path: BigPort to BigPort
                                Gate     Net
    Cell:in->out      fanout   Delay   Delay  Logical Name (Net Name)
    ----------------------------------------  ------------
     LD:G->Q               1   0.498   0.579  BigPort (BigPort_OBUF)
     OBUF:I->O                 2.571          BigPort_OBUF (BigPort)
    ----------------------------------------
    Total                      3.648ns (3.069ns logic, 0.579ns route)
                                       (84.1% logic, 15.9% route)

=========================================================================

Cross Clock Domains Report:
--------------------------

=========================================================================


Total REAL time to Xst completion: 9.00 secs
Total CPU time to Xst completion: 9.05 secs
 
--> 

Total memory usage is 4509436 kilobytes

Number of errors   :    0 (   0 filtered)
Number of warnings :    7 (   0 filtered)
Number of infos    :    0 (   0 filtered)

